ZEPPELIN_CLASSPATH: ::/users/ssulca/diplodatos_bigdata/spark/zeppelin-0.8.2-bin-all/lib/interpreter/*:/users/ssulca/diplodatos_bigdata/spark/zeppelin-0.8.2-bin-all/lib/*:/users/ssulca/diplodatos_bigdata/spark/zeppelin-0.8.2-bin-all/*::/users/ssulca/diplodatos_bigdata/spark/zeppelin-0.8.2-bin-all/conf
OpenJDK 64-Bit Server VM warning: ignoring option MaxPermSize=512m; support was removed in 8.0
SLF4J: Class path contains multiple SLF4J bindings.
SLF4J: Found binding in [jar:file:/users/ssulca/diplodatos_bigdata/spark/zeppelin-0.8.2-bin-all/lib/interpreter/slf4j-log4j12-1.7.10.jar!/org/slf4j/impl/StaticLoggerBinder.class]
SLF4J: Found binding in [jar:file:/users/ssulca/diplodatos_bigdata/spark/zeppelin-0.8.2-bin-all/lib/slf4j-log4j12-1.7.10.jar!/org/slf4j/impl/StaticLoggerBinder.class]
SLF4J: See http://www.slf4j.org/codes.html#multiple_bindings for an explanation.
SLF4J: Actual binding is of type [org.slf4j.impl.Log4jLoggerFactory]
[Fatal Error] zeppelin-site.xml:1:1: Premature end of file.
Oct 26, 2020 10:54:52 PM org.glassfish.jersey.internal.inject.Providers checkProviderRuntime
WARNING: A provider org.apache.zeppelin.rest.NotebookRestApi registered in SERVER runtime does not implement any provider interfaces applicable in the SERVER runtime. Due to constraint configuration problems the provider org.apache.zeppelin.rest.NotebookRestApi will be ignored. 
Oct 26, 2020 10:54:52 PM org.glassfish.jersey.internal.inject.Providers checkProviderRuntime
WARNING: A provider org.apache.zeppelin.rest.InterpreterRestApi registered in SERVER runtime does not implement any provider interfaces applicable in the SERVER runtime. Due to constraint configuration problems the provider org.apache.zeppelin.rest.InterpreterRestApi will be ignored. 
Oct 26, 2020 10:54:52 PM org.glassfish.jersey.internal.inject.Providers checkProviderRuntime
WARNING: A provider org.apache.zeppelin.rest.NotebookRepoRestApi registered in SERVER runtime does not implement any provider interfaces applicable in the SERVER runtime. Due to constraint configuration problems the provider org.apache.zeppelin.rest.NotebookRepoRestApi will be ignored. 
Oct 26, 2020 10:54:52 PM org.glassfish.jersey.internal.inject.Providers checkProviderRuntime
WARNING: A provider org.apache.zeppelin.rest.SecurityRestApi registered in SERVER runtime does not implement any provider interfaces applicable in the SERVER runtime. Due to constraint configuration problems the provider org.apache.zeppelin.rest.SecurityRestApi will be ignored. 
Oct 26, 2020 10:54:52 PM org.glassfish.jersey.internal.inject.Providers checkProviderRuntime
WARNING: A provider org.apache.zeppelin.rest.CredentialRestApi registered in SERVER runtime does not implement any provider interfaces applicable in the SERVER runtime. Due to constraint configuration problems the provider org.apache.zeppelin.rest.CredentialRestApi will be ignored. 
Oct 26, 2020 10:54:52 PM org.glassfish.jersey.internal.inject.Providers checkProviderRuntime
WARNING: A provider org.apache.zeppelin.rest.HeliumRestApi registered in SERVER runtime does not implement any provider interfaces applicable in the SERVER runtime. Due to constraint configuration problems the provider org.apache.zeppelin.rest.HeliumRestApi will be ignored. 
Oct 26, 2020 10:54:52 PM org.glassfish.jersey.internal.inject.Providers checkProviderRuntime
WARNING: A provider org.apache.zeppelin.rest.ZeppelinRestApi registered in SERVER runtime does not implement any provider interfaces applicable in the SERVER runtime. Due to constraint configuration problems the provider org.apache.zeppelin.rest.ZeppelinRestApi will be ignored. 
Oct 26, 2020 10:54:52 PM org.glassfish.jersey.internal.inject.Providers checkProviderRuntime
WARNING: A provider org.apache.zeppelin.rest.LoginRestApi registered in SERVER runtime does not implement any provider interfaces applicable in the SERVER runtime. Due to constraint configuration problems the provider org.apache.zeppelin.rest.LoginRestApi will be ignored. 
Oct 26, 2020 10:54:52 PM org.glassfish.jersey.internal.inject.Providers checkProviderRuntime
WARNING: A provider org.apache.zeppelin.rest.ConfigurationsRestApi registered in SERVER runtime does not implement any provider interfaces applicable in the SERVER runtime. Due to constraint configuration problems the provider org.apache.zeppelin.rest.ConfigurationsRestApi will be ignored. 
Oct 26, 2020 10:54:52 PM org.glassfish.jersey.internal.Errors logErrors
WARNING: The following warnings have been detected: WARNING: A HTTP GET method, public javax.ws.rs.core.Response org.apache.zeppelin.rest.InterpreterRestApi.listInterpreter(java.lang.String), should not consume any entity.
WARNING: A HTTP GET method, public javax.ws.rs.core.Response org.apache.zeppelin.rest.CredentialRestApi.getCredentials(java.lang.String) throws java.io.IOException,java.lang.IllegalArgumentException, should not consume any entity.
WARNING: The (sub)resource method createNote in org.apache.zeppelin.rest.NotebookRestApi contains empty path annotation.
WARNING: The (sub)resource method getNoteList in org.apache.zeppelin.rest.NotebookRestApi contains empty path annotation.

Oct 26, 2020 10:54:52 PM org.glassfish.jersey.internal.Errors logErrors
WARNING: The following warnings have been detected: WARNING: A HTTP GET method, public javax.ws.rs.core.Response org.apache.zeppelin.rest.InterpreterRestApi.listInterpreter(java.lang.String), should not consume any entity.
WARNING: A HTTP GET method, public javax.ws.rs.core.Response org.apache.zeppelin.rest.CredentialRestApi.getCredentials(java.lang.String) throws java.io.IOException,java.lang.IllegalArgumentException, should not consume any entity.
WARNING: The (sub)resource method createNote in org.apache.zeppelin.rest.NotebookRestApi contains empty path annotation.
WARNING: The (sub)resource method getNoteList in org.apache.zeppelin.rest.NotebookRestApi contains empty path annotation.

